<?xml version="1.0" encoding="UTF-8"?>
<testng-results ignored="0" total="1" passed="1" failed="0" skipped="0">
  <reporter-output>
  </reporter-output>
  <suite started-at="2021-11-13T21:29:15 IST" name="Default suite" finished-at="2021-11-13T21:29:16 IST" duration-ms="1474">
    <groups>
    </groups>
    <test started-at="2021-11-13T21:29:15 IST" name="Default test" finished-at="2021-11-13T21:29:16 IST" duration-ms="1474">
      <class name="Project.Project.Demo">
        <test-method signature="start()[pri:0, instance:Project.Project.Demo@4da4253]" started-at="2021-11-13T21:29:15 IST" name="start" finished-at="2021-11-13T21:29:16 IST" duration-ms="1448" status="PASS">
          <reporter-output>
          </reporter-output>
        </test-method> <!-- start -->
      </class> <!-- Project.Project.Demo -->
    </test> <!-- Default test -->
  </suite> <!-- Default suite -->
</testng-results>
